<?xml version="1.0" encoding="UTF-8"?>
<!-- Generated by org.testng.reporters.JUnitReportReporter -->
<testsuite skipped="0" hostname="User-PC" name="MakeMyTripAutomation.FlightBooking" tests="1" failures="0" timestamp="25 Mar 2017 10:39:10 GMT" time="96.990" errors="0">
  <testcase name="BookFlight_OneWay" time="96.990" classname="MakeMyTripAutomation.FlightBooking"/>
</testsuite> <!-- MakeMyTripAutomation.FlightBooking -->
