<?xml version="1.0" encoding="UTF-8"?>
<!-- Generated by org.testng.reporters.JUnitReportReporter -->
<testsuite skipped="0" hostname="User-PC" name="MakeMyTripAutomation.HotelBooking" tests="1" failures="0" timestamp="25 Mar 2017 07:22:07 GMT" time="64.524" errors="0">
  <testcase name="Hotel_Booking" time="64.524" classname="MakeMyTripAutomation.HotelBooking"/>
</testsuite> <!-- MakeMyTripAutomation.HotelBooking -->
