<?xml version="1.0" encoding="UTF-8"?>
<!-- Generated by org.testng.reporters.JUnitReportReporter -->
<testsuite hostname="01HW767194" name="CentralAutomation.CreateAssessment" tests="1" failures="0" timestamp="7 Mar 2017 13:27:09 GMT" time="61.647" errors="0">
  <testcase name="CreateClient_WIAT3AU_ListeningComprehension" time="61.647" classname="CentralAutomation.CreateAssessment"/>
</testsuite> <!-- CentralAutomation.CreateAssessment -->
